# JRE version: Java(TM) SE Runtime Environment (8.0_101-b13) (build 1.8.0_101-b13)
# Java VM: Java HotSpot(TM) 64-Bit Server VM (25.101-b13 mixed mode windows-amd64 compressed oops)
Heap:
 PSYoungGen      total 76288K, used 62068K [0x000000076b500000, 0x0000000770a00000, 0x00000007c0000000)
  eden space 65536K, 94% used [0x000000076b500000,0x000000076f19d3d8,0x000000076f500000)
  from space 10752K, 0% used [0x000000076f500000,0x000000076f500000,0x000000076ff80000)
  to   space 10752K, 0% used [0x000000076ff80000,0x000000076ff80000,0x0000000770a00000)
 ParOldGen       total 175104K, used 2167K [0x00000006c1e00000, 0x00000006cc900000, 0x000000076b500000)
  object space 175104K, 1% used [0x00000006c1e00000,0x00000006c201dd98,0x00000006cc900000)
 Metaspace       used 4747K, capacity 5264K, committed 5376K, reserved 1056768K
  class space    used 489K, capacity 500K, committed 512K, reserved 1048576K
GC Heap History (10 events):
Event: 1.056 GC heap before
{Heap before GC invocations=98 (full 49):
 PSYoungGen      total 76288K, used 192K [0x000000076b500000, 0x0000000770a00000, 0x00000007c0000000)
  eden space 65536K, 0% used [0x000000076b500000,0x000000076b500000,0x000000076f500000)
  from space 10752K, 1% used [0x000000076f500000,0x000000076f530000,0x000000076ff80000)
  to   space 10752K, 0% used [0x000000076ff80000,0x000000076ff80000,0x0000000770a00000)
 ParOldGen       total 175104K, used 2639K [0x00000006c1e00000, 0x00000006cc900000, 0x000000076b500000)
  object space 175104K, 1% used [0x00000006c1e00000,0x00000006c2093f58,0x00000006cc900000)
 Metaspace       used 4592K, capacity 5136K, committed 5376K, reserved 1056768K
  class space    used 483K, capacity 500K, committed 512K, reserved 1048576K
Event: 1.066 GC heap after
Heap after GC invocations=98 (full 49):
 PSYoungGen      total 76288K, used 0K [0x000000076b500000, 0x0000000770a00000, 0x00000007c0000000)
  eden space 65536K, 0% used [0x000000076b500000,0x000000076b500000,0x000000076f500000)
  from space 10752K, 0% used [0x000000076f500000,0x000000076f500000,0x000000076ff80000)
  to   space 10752K, 0% used [0x000000076ff80000,0x000000076ff80000,0x0000000770a00000)
 ParOldGen       total 175104K, used 1961K [0x00000006c1e00000, 0x00000006cc900000, 0x000000076b500000)
  object space 175104K, 1% used [0x00000006c1e00000,0x00000006c1fea738,0x00000006cc900000)
 Metaspace       used 4592K, capacity 5136K, committed 5376K, reserved 1056768K
  class space    used 483K, capacity 500K, committed 512K, reserved 1048576K
}
Event: 1.066 GC heap before
{Heap before GC invocations=99 (full 49):
 PSYoungGen      total 76288K, used 0K [0x000000076b500000, 0x0000000770a00000, 0x00000007c0000000)
  eden space 65536K, 0% used [0x000000076b500000,0x000000076b500000,0x000000076f500000)
  from space 10752K, 0% used [0x000000076f500000,0x000000076f500000,0x000000076ff80000)
  to   space 10752K, 0% used [0x000000076ff80000,0x000000076ff80000,0x0000000770a00000)
 ParOldGen       total 175104K, used 1961K [0x00000006c1e00000, 0x00000006cc900000, 0x000000076b500000)
  object space 175104K, 1% used [0x00000006c1e00000,0x00000006c1fea738,0x00000006cc900000)
 Metaspace       used 4592K, capacity 5136K, committed 5376K, reserved 1056768K
  class space    used 483K, capacity 500K, committed 512K, reserved 1048576K
Event: 1.069 GC heap after
Heap after GC invocations=99 (full 49):
 PSYoungGen      total 76288K, used 0K [0x000000076b500000, 0x0000000770a00000, 0x00000007c0000000)
  eden space 65536K, 0% used [0x000000076b500000,0x000000076b500000,0x000000076f500000)
  from space 10752K, 0% used [0x000000076ff80000,0x000000076ff80000,0x0000000770a00000)
  to   space 10752K, 0% used [0x000000076f500000,0x000000076f500000,0x000000076ff80000)
 ParOldGen       total 175104K, used 1961K [0x00000006c1e00000, 0x00000006cc900000, 0x000000076b500000)
  object space 175104K, 1% used [0x00000006c1e00000,0x00000006c1fea738,0x00000006cc900000)
 Metaspace       used 4592K, capacity 5136K, committed 5376K, reserved 1056768K
  class space    used 483K, capacity 500K, committed 512K, reserved 1048576K
}
Event: 1.070 GC heap before
{Heap before GC invocations=100 (full 50):
 PSYoungGen      total 76288K, used 0K [0x000000076b500000, 0x0000000770a00000, 0x00000007c0000000)
  eden space 65536K, 0% used [0x000000076b500000,0x000000076b500000,0x000000076f500000)
  from space 10752K, 0% used [0x000000076ff80000,0x000000076ff80000,0x0000000770a00000)
  to   space 10752K, 0% used [0x000000076f500000,0x000000076f500000,0x000000076ff80000)
 ParOldGen       total 175104K, used 1961K [0x00000006c1e00000, 0x00000006cc900000, 0x000000076b500000)
  object space 175104K, 1% used [0x00000006c1e00000,0x00000006c1fea738,0x00000006cc900000)
 Metaspace       used 4592K, capacity 5136K, committed 5376K, reserved 1056768K
  class space    used 483K, capacity 500K, committed 512K, reserved 1048576K
Event: 1.076 GC heap after
Heap after GC invocations=100 (full 50):
 PSYoungGen      total 76288K, used 0K [0x000000076b500000, 0x0000000770a00000, 0x00000007c0000000)
  eden space 65536K, 0% used [0x000000076b500000,0x000000076b500000,0x000000076f500000)
  from space 10752K, 0% used [0x000000076ff80000,0x000000076ff80000,0x0000000770a00000)
  to   space 10752K, 0% used [0x000000076f500000,0x000000076f500000,0x000000076ff80000)
 ParOldGen       total 175104K, used 1961K [0x00000006c1e00000, 0x00000006cc900000, 0x000000076b500000)
  object space 175104K, 1% used [0x00000006c1e00000,0x00000006c1fea738,0x00000006cc900000)
 Metaspace       used 4592K, capacity 5136K, committed 5376K, reserved 1056768K
  class space    used 483K, capacity 500K, committed 512K, reserved 1048576K
}
Event: 1.077 GC heap before
{Heap before GC invocations=101 (full 50):
 PSYoungGen      total 76288K, used 1310K [0x000000076b500000, 0x0000000770a00000, 0x00000007c0000000)
  eden space 65536K, 2% used [0x000000076b500000,0x000000076b647bf0,0x000000076f500000)
  from space 10752K, 0% used [0x000000076ff80000,0x000000076ff80000,0x0000000770a00000)
  to   space 10752K, 0% used [0x000000076f500000,0x000000076f500000,0x000000076ff80000)
 ParOldGen       total 175104K, used 1961K [0x00000006c1e00000, 0x00000006cc900000, 0x000000076b500000)
  object space 175104K, 1% used [0x00000006c1e00000,0x00000006c1fea738,0x00000006cc900000)
 Metaspace       used 4592K, capacity 5136K, committed 5376K, reserved 1056768K
  class space    used 483K, capacity 500K, committed 512K, reserved 1048576K
Event: 1.079 GC heap after
Heap after GC invocations=101 (full 50):
 PSYoungGen      total 76288K, used 320K [0x000000076b500000, 0x0000000770a00000, 0x00000007c0000000)
  eden space 65536K, 0% used [0x000000076b500000,0x000000076b500000,0x000000076f500000)
  from space 10752K, 2% used [0x000000076f500000,0x000000076f550000,0x000000076ff80000)
  to   space 10752K, 0% used [0x000000076ff80000,0x000000076ff80000,0x0000000770a00000)
 ParOldGen       total 175104K, used 1961K [0x00000006c1e00000, 0x00000006cc900000, 0x000000076b500000)
  object space 175104K, 1% used [0x00000006c1e00000,0x00000006c1fea738,0x00000006cc900000)
 Metaspace       used 4592K, capacity 5136K, committed 5376K, reserved 1056768K
  class space    used 483K, capacity 500K, committed 512K, reserved 1048576K
}
Event: 1.079 GC heap before
{Heap before GC invocations=102 (full 51):
 PSYoungGen      total 76288K, used 320K [0x000000076b500000, 0x0000000770a00000, 0x00000007c0000000)
  eden space 65536K, 0% used [0x000000076b500000,0x000000076b500000,0x000000076f500000)
  from space 10752K, 2% used [0x000000076f500000,0x000000076f550000,0x000000076ff80000)
  to   space 10752K, 0% used [0x000000076ff80000,0x000000076ff80000,0x0000000770a00000)
 ParOldGen       total 175104K, used 1961K [0x00000006c1e00000, 0x00000006cc900000, 0x000000076b500000)
  object space 175104K, 1% used [0x00000006c1e00000,0x00000006c1fea738,0x00000006cc900000)
 Metaspace       used 4592K, capacity 5136K, committed 5376K, reserved 1056768K
  class space    used 483K, capacity 500K, committed 512K, reserved 1048576K
Event: 1.091 GC heap after
Heap after GC invocations=102 (full 51):
 PSYoungGen      total 76288K, used 0K [0x000000076b500000, 0x0000000770a00000, 0x00000007c0000000)
  eden space 65536K, 0% used [0x000000076b500000,0x000000076b500000,0x000000076f500000)
  from space 10752K, 0% used [0x000000076f500000,0x000000076f500000,0x000000076ff80000)
  to   space 10752K, 0% used [0x000000076ff80000,0x000000076ff80000,0x0000000770a00000)
 ParOldGen       total 175104K, used 2167K [0x00000006c1e00000, 0x00000006cc900000, 0x000000076b500000)
  object space 175104K, 1% used [0x00000006c1e00000,0x00000006c201dd98,0x00000006cc900000)
 Metaspace       used 4592K, capacity 5136K, committed 5376K, reserved 1056768K
  class space    used 483K, capacity 500K, committed 512K, reserved 1048576K
}

