# JRE version: Java(TM) SE Runtime Environment (8.0_101-b13) (build 1.8.0_101-b13)
# Java VM: Java HotSpot(TM) 64-Bit Server VM (25.101-b13 mixed mode windows-amd64 compressed oops)
Heap:
 PSYoungGen      total 76288K, used 2622K [0x000000076b500000, 0x0000000770a00000, 0x00000007c0000000)
  eden space 65536K, 4% used [0x000000076b500000,0x000000076b78fa50,0x000000076f500000)
  from space 10752K, 0% used [0x000000076f500000,0x000000076f500000,0x000000076ff80000)
  to   space 10752K, 0% used [0x000000076ff80000,0x000000076ff80000,0x0000000770a00000)
 ParOldGen       total 175104K, used 2134K [0x00000006c1e00000, 0x00000006cc900000, 0x000000076b500000)
  object space 175104K, 1% used [0x00000006c1e00000,0x00000006c2015a18,0x00000006cc900000)
 Metaspace       used 4768K, capacity 5392K, committed 5632K, reserved 1056768K
  class space    used 487K, capacity 500K, committed 512K, reserved 1048576K
GC Heap History (10 events):
Event: 0.694 GC heap before
{Heap before GC invocations=30 (full 15):
 PSYoungGen      total 76288K, used 224K [0x000000076b500000, 0x0000000770a00000, 0x00000007c0000000)
  eden space 65536K, 0% used [0x000000076b500000,0x000000076b500000,0x000000076f500000)
  from space 10752K, 2% used [0x000000076f500000,0x000000076f538000,0x000000076ff80000)
  to   space 10752K, 0% used [0x000000076ff80000,0x000000076ff80000,0x0000000770a00000)
 ParOldGen       total 175104K, used 2600K [0x00000006c1e00000, 0x00000006cc900000, 0x000000076b500000)
  object space 175104K, 1% used [0x00000006c1e00000,0x00000006c208a0e8,0x00000006cc900000)
 Metaspace       used 4471K, capacity 5136K, committed 5376K, reserved 1056768K
  class space    used 479K, capacity 500K, committed 512K, reserved 1048576K
Event: 0.701 GC heap after
Heap after GC invocations=30 (full 15):
 PSYoungGen      total 76288K, used 0K [0x000000076b500000, 0x0000000770a00000, 0x00000007c0000000)
  eden space 65536K, 0% used [0x000000076b500000,0x000000076b500000,0x000000076f500000)
  from space 10752K, 0% used [0x000000076f500000,0x000000076f500000,0x000000076ff80000)
  to   space 10752K, 0% used [0x000000076ff80000,0x000000076ff80000,0x0000000770a00000)
 ParOldGen       total 175104K, used 1928K [0x00000006c1e00000, 0x00000006cc900000, 0x000000076b500000)
  object space 175104K, 1% used [0x00000006c1e00000,0x00000006c1fe23b8,0x00000006cc900000)
 Metaspace       used 4471K, capacity 5136K, committed 5376K, reserved 1056768K
  class space    used 479K, capacity 500K, committed 512K, reserved 1048576K
}
Event: 0.701 GC heap before
{Heap before GC invocations=31 (full 15):
 PSYoungGen      total 76288K, used 0K [0x000000076b500000, 0x0000000770a00000, 0x00000007c0000000)
  eden space 65536K, 0% used [0x000000076b500000,0x000000076b500000,0x000000076f500000)
  from space 10752K, 0% used [0x000000076f500000,0x000000076f500000,0x000000076ff80000)
  to   space 10752K, 0% used [0x000000076ff80000,0x000000076ff80000,0x0000000770a00000)
 ParOldGen       total 175104K, used 1928K [0x00000006c1e00000, 0x00000006cc900000, 0x000000076b500000)
  object space 175104K, 1% used [0x00000006c1e00000,0x00000006c1fe23b8,0x00000006cc900000)
 Metaspace       used 4471K, capacity 5136K, committed 5376K, reserved 1056768K
  class space    used 479K, capacity 500K, committed 512K, reserved 1048576K
Event: 0.702 GC heap after
Heap after GC invocations=31 (full 15):
 PSYoungGen      total 76288K, used 0K [0x000000076b500000, 0x0000000770a00000, 0x00000007c0000000)
  eden space 65536K, 0% used [0x000000076b500000,0x000000076b500000,0x000000076f500000)
  from space 10752K, 0% used [0x000000076ff80000,0x000000076ff80000,0x0000000770a00000)
  to   space 10752K, 0% used [0x000000076f500000,0x000000076f500000,0x000000076ff80000)
 ParOldGen       total 175104K, used 1928K [0x00000006c1e00000, 0x00000006cc900000, 0x000000076b500000)
  object space 175104K, 1% used [0x00000006c1e00000,0x00000006c1fe23b8,0x00000006cc900000)
 Metaspace       used 4471K, capacity 5136K, committed 5376K, reserved 1056768K
  class space    used 479K, capacity 500K, committed 512K, reserved 1048576K
}
Event: 0.702 GC heap before
{Heap before GC invocations=32 (full 16):
 PSYoungGen      total 76288K, used 0K [0x000000076b500000, 0x0000000770a00000, 0x00000007c0000000)
  eden space 65536K, 0% used [0x000000076b500000,0x000000076b500000,0x000000076f500000)
  from space 10752K, 0% used [0x000000076ff80000,0x000000076ff80000,0x0000000770a00000)
  to   space 10752K, 0% used [0x000000076f500000,0x000000076f500000,0x000000076ff80000)
 ParOldGen       total 175104K, used 1928K [0x00000006c1e00000, 0x00000006cc900000, 0x000000076b500000)
  object space 175104K, 1% used [0x00000006c1e00000,0x00000006c1fe23b8,0x00000006cc900000)
 Metaspace       used 4471K, capacity 5136K, committed 5376K, reserved 1056768K
  class space    used 479K, capacity 500K, committed 512K, reserved 1048576K
Event: 0.709 GC heap after
Heap after GC invocations=32 (full 16):
 PSYoungGen      total 76288K, used 0K [0x000000076b500000, 0x0000000770a00000, 0x00000007c0000000)
  eden space 65536K, 0% used [0x000000076b500000,0x000000076b500000,0x000000076f500000)
  from space 10752K, 0% used [0x000000076ff80000,0x000000076ff80000,0x0000000770a00000)
  to   space 10752K, 0% used [0x000000076f500000,0x000000076f500000,0x000000076ff80000)
 ParOldGen       total 175104K, used 1928K [0x00000006c1e00000, 0x00000006cc900000, 0x000000076b500000)
  object space 175104K, 1% used [0x00000006c1e00000,0x00000006c1fe23b8,0x00000006cc900000)
 Metaspace       used 4471K, capacity 5136K, committed 5376K, reserved 1056768K
  class space    used 479K, capacity 500K, committed 512K, reserved 1048576K
}
Event: 0.710 GC heap before
{Heap before GC invocations=33 (full 16):
 PSYoungGen      total 76288K, used 1310K [0x000000076b500000, 0x0000000770a00000, 0x00000007c0000000)
  eden space 65536K, 2% used [0x000000076b500000,0x000000076b647bf0,0x000000076f500000)
  from space 10752K, 0% used [0x000000076ff80000,0x000000076ff80000,0x0000000770a00000)
  to   space 10752K, 0% used [0x000000076f500000,0x000000076f500000,0x000000076ff80000)
 ParOldGen       total 175104K, used 1928K [0x00000006c1e00000, 0x00000006cc900000, 0x000000076b500000)
  object space 175104K, 1% used [0x00000006c1e00000,0x00000006c1fe23b8,0x00000006cc900000)
 Metaspace       used 4471K, capacity 5136K, committed 5376K, reserved 1056768K
  class space    used 479K, capacity 500K, committed 512K, reserved 1048576K
Event: 0.711 GC heap after
Heap after GC invocations=33 (full 16):
 PSYoungGen      total 76288K, used 288K [0x000000076b500000, 0x0000000770a00000, 0x00000007c0000000)
  eden space 65536K, 0% used [0x000000076b500000,0x000000076b500000,0x000000076f500000)
  from space 10752K, 2% used [0x000000076f500000,0x000000076f548000,0x000000076ff80000)
  to   space 10752K, 0% used [0x000000076ff80000,0x000000076ff80000,0x0000000770a00000)
 ParOldGen       total 175104K, used 1928K [0x00000006c1e00000, 0x00000006cc900000, 0x000000076b500000)
  object space 175104K, 1% used [0x00000006c1e00000,0x00000006c1fe23b8,0x00000006cc900000)
 Metaspace       used 4471K, capacity 5136K, committed 5376K, reserved 1056768K
  class space    used 479K, capacity 500K, committed 512K, reserved 1048576K
}
Event: 0.711 GC heap before
{Heap before GC invocations=34 (full 17):
 PSYoungGen      total 76288K, used 288K [0x000000076b500000, 0x0000000770a00000, 0x00000007c0000000)
  eden space 65536K, 0% used [0x000000076b500000,0x000000076b500000,0x000000076f500000)
  from space 10752K, 2% used [0x000000076f500000,0x000000076f548000,0x000000076ff80000)
  to   space 10752K, 0% used [0x000000076ff80000,0x000000076ff80000,0x0000000770a00000)
 ParOldGen       total 175104K, used 1928K [0x00000006c1e00000, 0x00000006cc900000, 0x000000076b500000)
  object space 175104K, 1% used [0x00000006c1e00000,0x00000006c1fe23b8,0x00000006cc900000)
 Metaspace       used 4471K, capacity 5136K, committed 5376K, reserved 1056768K
  class space    used 479K, capacity 500K, committed 512K, reserved 1048576K
Event: 0.726 GC heap after
Heap after GC invocations=34 (full 17):
 PSYoungGen      total 76288K, used 0K [0x000000076b500000, 0x0000000770a00000, 0x00000007c0000000)
  eden space 65536K, 0% used [0x000000076b500000,0x000000076b500000,0x000000076f500000)
  from space 10752K, 0% used [0x000000076f500000,0x000000076f500000,0x000000076ff80000)
  to   space 10752K, 0% used [0x000000076ff80000,0x000000076ff80000,0x0000000770a00000)
 ParOldGen       total 175104K, used 2134K [0x00000006c1e00000, 0x00000006cc900000, 0x000000076b500000)
  object space 175104K, 1% used [0x00000006c1e00000,0x00000006c2015a18,0x00000006cc900000)
 Metaspace       used 4471K, capacity 5136K, committed 5376K, reserved 1056768K
  class space    used 479K, capacity 500K, committed 512K, reserved 1048576K
}

